[Modules] Modules initializing
[Modules] Distribution: remote
[Modules] Host updates: enabled
[Modules] Module updates: enabled
[Modules] Module install path: /home/rado/.config/discord/0.0.9/modules
[Modules] Module installed file path: /home/rado/.config/discord/0.0.9/modules/installed.json
[Modules] Module download path: /home/rado/.config/discord/0.0.9/modules/pending
[Modules] Bootstrapping...
[Modules] Installing discord_desktop_core@0 from /opt/discord/resources/bootstrap/discord_desktop_core.zip
[Modules] Failed installing discord_desktop_core@0: Error: ENOENT: no such file or directory, open '/opt/discord/resources/bootstrap/discord_desktop_core.zip'
[Modules] Installing discord_erlpack@0 from /opt/discord/resources/bootstrap/discord_erlpack.zip
[Modules] Failed installing discord_erlpack@0: Error: ENOENT: no such file or directory, open '/opt/discord/resources/bootstrap/discord_erlpack.zip'
[Modules] Installing discord_spellcheck@0 from /opt/discord/resources/bootstrap/discord_spellcheck.zip
[Modules] Failed installing discord_spellcheck@0: Error: ENOENT: no such file or directory, open '/opt/discord/resources/bootstrap/discord_spellcheck.zip'
[Modules] Installing discord_utils@0 from /opt/discord/resources/bootstrap/discord_utils.zip
[Modules] Failed installing discord_utils@0: Error: ENOENT: no such file or directory, open '/opt/discord/resources/bootstrap/discord_utils.zip'
[Modules] Installing discord_voice@0 from /opt/discord/resources/bootstrap/discord_voice.zip
[Modules] Failed installing discord_voice@0: Error: ENOENT: no such file or directory, open '/opt/discord/resources/bootstrap/discord_voice.zip'
[Modules] Finished module installations. [success: 0] [failure: 5]
[Modules] Checking for host updates.
[Modules] Host is up to date.
[Modules] Checking for module updates at https://discordapp.com/api/modules/stable/versions.json
[Modules] Module update available: discord_desktop_core@3 [installed: 0]
[Modules] Module update available: discord_erlpack@1 [installed: 0]
[Modules] Module update available: discord_spellcheck@1 [installed: 0]
[Modules] Module update available: discord_utils@1 [installed: 0]
[Modules] Module update available: discord_voice@3 [installed: 0]
[Modules] Fetching discord_desktop_core@3 from https://discordapp.com/api/modules/stable/discord_desktop_core/3
[Modules] Streaming discord_desktop_core@3 [1514359 bytes] to /home/rado/.config/discord/0.0.9/modules/pending/discord_desktop_core-3.zip
[Modules] Fetching discord_erlpack@1 from https://discordapp.com/api/modules/stable/discord_erlpack/1
[Modules] Streaming discord_erlpack@1 [1534631 bytes] to /home/rado/.config/discord/0.0.9/modules/pending/discord_erlpack-1.zip
[Modules] Fetching discord_spellcheck@1 from https://discordapp.com/api/modules/stable/discord_spellcheck/1
[Modules] Streaming discord_spellcheck@1 [10201313 bytes] to /home/rado/.config/discord/0.0.9/modules/pending/discord_spellcheck-1.zip
[Modules] Fetching discord_utils@1 from https://discordapp.com/api/modules/stable/discord_utils/1
[Modules] Streaming discord_utils@1 [2615975 bytes] to /home/rado/.config/discord/0.0.9/modules/pending/discord_utils-1.zip
[Modules] Fetching discord_voice@3 from https://discordapp.com/api/modules/stable/discord_voice/3
[Modules] Streaming discord_voice@3 [11341115 bytes] to /home/rado/.config/discord/0.0.9/modules/pending/discord_voice-3.zip
[Modules] Finished module downloads. [success: 5] [failure: 0]
[Modules] Relaunching to install module updates...
[Modules] Modules initializing
[Modules] Distribution: remote
[Modules] Host updates: enabled
[Modules] Module updates: enabled
[Modules] Module install path: /home/rado/.config/discord/0.0.9/modules
[Modules] Module installed file path: /home/rado/.config/discord/0.0.9/modules/installed.json
[Modules] Module download path: /home/rado/.config/discord/0.0.9/modules/pending
[Modules] Installing updates...
[Modules] Installing discord_desktop_core@3 from /home/rado/.config/discord/0.0.9/modules/pending/discord_desktop_core-3.zip
[Modules] Installing discord_erlpack@1 from /home/rado/.config/discord/0.0.9/modules/pending/discord_erlpack-1.zip
[Modules] Installing discord_spellcheck@1 from /home/rado/.config/discord/0.0.9/modules/pending/discord_spellcheck-1.zip
[Modules] Installing discord_utils@1 from /home/rado/.config/discord/0.0.9/modules/pending/discord_utils-1.zip
[Modules] Installing discord_voice@3 from /home/rado/.config/discord/0.0.9/modules/pending/discord_voice-3.zip
[Modules] Finished module installations. [success: 5] [failure: 0]
[Modules] Checking for host updates.
[Modules] Host is up to date.
[Modules] Checking for module updates at https://discordapp.com/api/modules/stable/versions.json
[Modules] No module updates available.
[Modules] Starting to install discord_zstd...
[Modules] Fetching discord_zstd@1 from https://discordapp.com/api/modules/stable/discord_zstd/1
[Modules] Starting to install discord_game_utils...
[Modules] Streaming discord_zstd@1 [546292 bytes] to /home/rado/.config/discord/0.0.9/modules/pending/discord_zstd-1.zip
[Modules] Fetching discord_game_utils@1 from https://discordapp.com/api/modules/stable/discord_game_utils/1
[Modules] Installing discord_zstd@1 from /home/rado/.config/discord/0.0.9/modules/pending/discord_zstd-1.zip
[Modules] Finished module installations. [success: 1] [failure: 0]
[Modules] Checking for host updates.
[Modules] Host is up to date.
[Modules] Checking for module updates at https://discordapp.com/api/modules/stable/versions.json
[Modules] Streaming discord_game_utils@1 [2612703 bytes] to /home/rado/.config/discord/0.0.9/modules/pending/discord_game_utils-1.zip
[Modules] No module updates available.
[Modules] Starting to install discord_rpc...
[Modules] Fetching discord_rpc@2 from https://discordapp.com/api/modules/stable/discord_rpc/2
[Modules] Installing discord_game_utils@1 from /home/rado/.config/discord/0.0.9/modules/pending/discord_game_utils-1.zip
[Modules] Finished module installations. [success: 1] [failure: 0]
[Modules] Streaming discord_rpc@2 [143822 bytes] to /home/rado/.config/discord/0.0.9/modules/pending/discord_rpc-2.zip
[Modules] Finished module downloads. [success: 3] [failure: 0]
[Modules] Installing discord_rpc@2 from /home/rado/.config/discord/0.0.9/modules/pending/discord_rpc-2.zip
[Modules] Finished module installations. [success: 1] [failure: 0]
[Modules] Modules initializing
[Modules] Distribution: remote
[Modules] Host updates: enabled
[Modules] Module updates: enabled
[Modules] Module install path: /home/rado/.config/discord/0.0.9/modules
[Modules] Module installed file path: /home/rado/.config/discord/0.0.9/modules/installed.json
[Modules] Module download path: /home/rado/.config/discord/0.0.9/modules/pending
[Modules] No updates to install
[Modules] Checking for host updates.
[Modules] Host is up to date.
[Modules] Checking for module updates at https://discordapp.com/api/modules/stable/versions.json
[Modules] Module update available: discord_voice@5 [installed: 3]
[Modules] Fetching discord_voice@5 from https://discordapp.com/api/modules/stable/discord_voice/5
[Modules] Streaming discord_voice@5 [11739727 bytes] to /home/rado/.config/discord/0.0.9/modules/pending/discord_voice-5.zip
[Modules] Finished module downloads. [success: 1] [failure: 0]
[Modules] Relaunching to install module updates...
[Modules] Modules initializing
[Modules] Distribution: remote
[Modules] Host updates: enabled
[Modules] Module updates: enabled
[Modules] Module install path: /home/rado/.config/discord/0.0.9/modules
[Modules] Module installed file path: /home/rado/.config/discord/0.0.9/modules/installed.json
[Modules] Module download path: /home/rado/.config/discord/0.0.9/modules/pending
[Modules] Installing updates...
[Modules] Installing discord_voice@5 from /home/rado/.config/discord/0.0.9/modules/pending/discord_voice-5.zip
[Modules] Finished module installations. [success: 1] [failure: 0]
[Modules] Checking for host updates.
[Modules] Host is up to date.
[Modules] Checking for module updates at https://discordapp.com/api/modules/stable/versions.json
[Modules] No module updates available.
[Modules] Modules initializing
[Modules] Distribution: remote
[Modules] Host updates: enabled
[Modules] Module updates: enabled
[Modules] Module install path: /home/rado/.config/discord/0.0.9/modules
[Modules] Module installed file path: /home/rado/.config/discord/0.0.9/modules/installed.json
[Modules] Module download path: /home/rado/.config/discord/0.0.9/modules/pending
[Modules] No updates to install
[Modules] Checking for host updates.
[Modules] Host is up to date.
[Modules] Checking for module updates at https://discordapp.com/api/modules/stable/versions.json
[Modules] Module update available: discord_desktop_core@4 [installed: 3]
[Modules] Fetching discord_desktop_core@4 from https://discordapp.com/api/modules/stable/discord_desktop_core/4
[Modules] Streaming discord_desktop_core@4 [1637174 bytes] to /home/rado/.config/discord/0.0.9/modules/pending/discord_desktop_core-4.zip
[Modules] Finished module downloads. [success: 1] [failure: 0]
[Modules] Relaunching to install module updates...
[Modules] Modules initializing
[Modules] Distribution: remote
[Modules] Host updates: enabled
[Modules] Module updates: enabled
[Modules] Module install path: /home/rado/.config/discord/0.0.9/modules
[Modules] Module installed file path: /home/rado/.config/discord/0.0.9/modules/installed.json
[Modules] Module download path: /home/rado/.config/discord/0.0.9/modules/pending
[Modules] Installing updates...
[Modules] Installing discord_desktop_core@4 from /home/rado/.config/discord/0.0.9/modules/pending/discord_desktop_core-4.zip
[Modules] Finished module installations. [success: 1] [failure: 0]
[Modules] Checking for host updates.
[Modules] Host is up to date.
[Modules] Checking for module updates at https://discordapp.com/api/modules/stable/versions.json
[Modules] No module updates available.
[Modules] Checking for host updates.
[Modules] Host is up to date.
[Modules] Checking for module updates at https://discordapp.com/api/modules/stable/versions.json
[Modules] No module updates available.
[Modules] Checking for host updates.
[Modules] Host is up to date.
[Modules] Checking for module updates at https://discordapp.com/api/modules/stable/versions.json
[Modules] No module updates available.
[Modules] Checking for host updates.
[Modules] Host is up to date.
[Modules] Checking for module updates at https://discordapp.com/api/modules/stable/versions.json
[Modules] No module updates available.
[Modules] Checking for host updates.
[Modules] Host is up to date.
[Modules] Checking for module updates at https://discordapp.com/api/modules/stable/versions.json
[Modules] No module updates available.
[Modules] Checking for host updates.
[Modules] Host is up to date.
[Modules] Checking for module updates at https://discordapp.com/api/modules/stable/versions.json
[Modules] No module updates available.
[Modules] Modules initializing
[Modules] Distribution: remote
[Modules] Host updates: enabled
[Modules] Module updates: enabled
[Modules] Module install path: /home/rado/.config/discord/0.0.9/modules
[Modules] Module installed file path: /home/rado/.config/discord/0.0.9/modules/installed.json
[Modules] Module download path: /home/rado/.config/discord/0.0.9/modules/pending
[Modules] No updates to install
[Modules] Checking for host updates.
[Modules] Host is up to date.
[Modules] Checking for module updates at https://discordapp.com/api/modules/stable/versions.json
[Modules] No module updates available.
[Modules] Modules initializing
[Modules] Distribution: remote
[Modules] Host updates: enabled
[Modules] Module updates: enabled
[Modules] Module install path: /home/rado/.config/discord/0.0.9/modules
[Modules] Module installed file path: /home/rado/.config/discord/0.0.9/modules/installed.json
[Modules] Module download path: /home/rado/.config/discord/0.0.9/modules/pending
[Modules] No updates to install
[Modules] Checking for host updates.
[Modules] Host is up to date.
[Modules] Checking for module updates at https://discordapp.com/api/modules/stable/versions.json
[Modules] No module updates available.
[Modules] Modules initializing
[Modules] Distribution: remote
[Modules] Host updates: enabled
[Modules] Module updates: enabled
[Modules] Module install path: /home/rado/.config/discord/0.0.9/modules
[Modules] Module installed file path: /home/rado/.config/discord/0.0.9/modules/installed.json
[Modules] Module download path: /home/rado/.config/discord/0.0.9/modules/pending
[Modules] No updates to install
[Modules] Checking for host updates.
[Modules] Host is up to date.
[Modules] Checking for module updates at https://discordapp.com/api/modules/stable/versions.json
[Modules] No module updates available.
[Modules] Modules initializing
[Modules] Distribution: remote
[Modules] Host updates: enabled
[Modules] Module updates: enabled
[Modules] Module install path: /home/rado/.config/discord/0.0.9/modules
[Modules] Module installed file path: /home/rado/.config/discord/0.0.9/modules/installed.json
[Modules] Module download path: /home/rado/.config/discord/0.0.9/modules/pending
[Modules] No updates to install
[Modules] Checking for host updates.
[Modules] Host is up to date.
[Modules] Checking for module updates at https://discordapp.com/api/modules/stable/versions.json
[Modules] No module updates available.
[Modules] Modules initializing
[Modules] Distribution: remote
[Modules] Host updates: enabled
[Modules] Module updates: enabled
[Modules] Module install path: /home/rado/.config/discord/0.0.9/modules
[Modules] Module installed file path: /home/rado/.config/discord/0.0.9/modules/installed.json
[Modules] Module download path: /home/rado/.config/discord/0.0.9/modules/pending
[Modules] No updates to install
[Modules] Checking for host updates.
[Modules] Host is up to date.
[Modules] Checking for module updates at https://discordapp.com/api/modules/stable/versions.json
[Modules] No module updates available.
[Modules] Checking for host updates.
[Modules] Host is up to date.
[Modules] Checking for module updates at https://discordapp.com/api/modules/stable/versions.json
[Modules] No module updates available.
[Modules] Checking for host updates.
[Modules] Host is up to date.
[Modules] Checking for module updates at https://discordapp.com/api/modules/stable/versions.json
[Modules] No module updates available.
[Modules] Checking for host updates.
[Modules] Host is up to date.
[Modules] Checking for module updates at https://discordapp.com/api/modules/stable/versions.json
[Modules] No module updates available.
[Modules] Modules initializing
[Modules] Distribution: remote
[Modules] Host updates: enabled
[Modules] Module updates: enabled
[Modules] Module install path: /home/rado/.config/discord/0.0.9/modules
[Modules] Module installed file path: /home/rado/.config/discord/0.0.9/modules/installed.json
[Modules] Module download path: /home/rado/.config/discord/0.0.9/modules/pending
[Modules] No updates to install
[Modules] Checking for host updates.
[Modules] Host is up to date.
[Modules] Checking for module updates at https://discordapp.com/api/modules/stable/versions.json
[Modules] No module updates available.
[Modules] Modules initializing
[Modules] Distribution: remote
[Modules] Host updates: enabled
[Modules] Module updates: enabled
[Modules] Module install path: /home/rado/.config/discord/0.0.9/modules
[Modules] Module installed file path: /home/rado/.config/discord/0.0.9/modules/installed.json
[Modules] Module download path: /home/rado/.config/discord/0.0.9/modules/pending
[Modules] No updates to install
[Modules] Checking for host updates.
[Modules] Host is up to date.
[Modules] Checking for module updates at https://discordapp.com/api/modules/stable/versions.json
[Modules] No module updates available.
[Modules] Checking for host updates.
[Modules] Host is up to date.
[Modules] Checking for module updates at https://discordapp.com/api/modules/stable/versions.json
[Modules] No module updates available.
[Modules] Checking for host updates.
[Modules] Host is up to date.
[Modules] Checking for module updates at https://discordapp.com/api/modules/stable/versions.json
[Modules] No module updates available.
[Modules] Checking for host updates.
[Modules] Host is up to date.
[Modules] Checking for module updates at https://discordapp.com/api/modules/stable/versions.json
[Modules] No module updates available.
[Modules] Modules initializing
[Modules] Distribution: remote
[Modules] Host updates: enabled
[Modules] Module updates: enabled
[Modules] Module install path: /home/rado/.config/discord/0.0.9/modules
[Modules] Module installed file path: /home/rado/.config/discord/0.0.9/modules/installed.json
[Modules] Module download path: /home/rado/.config/discord/0.0.9/modules/pending
[Modules] No updates to install
[Modules] Checking for host updates.
[Modules] Host is up to date.
[Modules] Checking for module updates at https://discordapp.com/api/modules/stable/versions.json
[Modules] Module update available: discord_voice@8 [installed: 5]
[Modules] Fetching discord_voice@8 from https://discordapp.com/api/modules/stable/discord_voice/8
[Modules] Streaming discord_voice@8 [11577380 bytes] to /home/rado/.config/discord/0.0.9/modules/pending/discord_voice-8.zip
[Modules] Finished module downloads. [success: 1] [failure: 0]
[Modules] Relaunching to install module updates...
[Modules] Modules initializing
[Modules] Distribution: remote
[Modules] Host updates: enabled
[Modules] Module updates: enabled
[Modules] Module install path: /home/rado/.config/discord/0.0.9/modules
[Modules] Module installed file path: /home/rado/.config/discord/0.0.9/modules/installed.json
[Modules] Module download path: /home/rado/.config/discord/0.0.9/modules/pending
[Modules] Installing updates...
[Modules] Installing discord_voice@8 from /home/rado/.config/discord/0.0.9/modules/pending/discord_voice-8.zip
[Modules] Finished module installations. [success: 1] [failure: 0]
[Modules] Checking for host updates.
[Modules] Host is up to date.
[Modules] Checking for module updates at https://discordapp.com/api/modules/stable/versions.json
[Modules] No module updates available.
[Modules] Modules initializing
[Modules] Distribution: remote
[Modules] Host updates: enabled
[Modules] Module updates: enabled
[Modules] Module install path: /home/rado/.config/discord/0.0.9/modules
[Modules] Module installed file path: /home/rado/.config/discord/0.0.9/modules/installed.json
[Modules] Module download path: /home/rado/.config/discord/0.0.9/modules/pending
[Modules] No updates to install
[Modules] Checking for host updates.
[Modules] Host is up to date.
[Modules] Checking for module updates at https://discordapp.com/api/modules/stable/versions.json
[Modules] No module updates available.
[Modules] Modules initializing
[Modules] Distribution: remote
[Modules] Host updates: enabled
[Modules] Module updates: enabled
[Modules] Module install path: /home/rado/.config/discord/0.0.9/modules
[Modules] Module installed file path: /home/rado/.config/discord/0.0.9/modules/installed.json
[Modules] Module download path: /home/rado/.config/discord/0.0.9/modules/pending
[Modules] No updates to install
[Modules] Checking for host updates.
[Modules] Host is up to date.
[Modules] Checking for module updates at https://discordapp.com/api/modules/stable/versions.json
[Modules] No module updates available.
[Modules] Modules initializing
[Modules] Distribution: remote
[Modules] Host updates: enabled
[Modules] Module updates: enabled
[Modules] Module install path: /home/rado/.config/discord/0.0.9/modules
[Modules] Module installed file path: /home/rado/.config/discord/0.0.9/modules/installed.json
[Modules] Module download path: /home/rado/.config/discord/0.0.9/modules/pending
[Modules] No updates to install
[Modules] Checking for host updates.
[Modules] Host is up to date.
[Modules] Checking for module updates at https://discordapp.com/api/modules/stable/versions.json
[Modules] No module updates available.
[Modules] Checking for host updates.
[Modules] Host is up to date.
[Modules] Checking for module updates at https://discordapp.com/api/modules/stable/versions.json
[Modules] No module updates available.
[Modules] Checking for host updates.
[Modules] Host is up to date.
[Modules] Checking for module updates at https://discordapp.com/api/modules/stable/versions.json
[Modules] No module updates available.
